app/build/intermediates/manifest_merge_blame_file/debug/manifest-merger-blame-debug-report.txt
1<?xml version="1.0" encoding="utf-8"?>
2<manifest xmlns:android="http://schemas.android.com/apk/res/android"
3    package="com.example.personalfinanceapp"
4    android:versionCode="1"
5    android:versionName="1.0" >
6
7    <uses-sdk
8        android:minSdkVersion="26"
9        android:targetSdkVersion="34" />
10
11    <!-- Permisos de Internet necesarios para APIs de Google y otras conexiones de red -->
12    <uses-permission android:name="android.permission.INTERNET" />
12-->src\main\AndroidManifest.xml:6:5-67
12-->src\main\AndroidManifest.xml:6:22-64
13    <uses-permission android:name="android.permission.ACCESS_NETWORK_STATE" />
13-->src\main\AndroidManifest.xml:7:5-79
13-->src\main\AndroidManifest.xml:7:22-76
14
15    <!-- Permisos para Google Sign-In y Gmail API -->
16    <uses-permission android:name="android.permission.GET_ACCOUNTS" />
16-->src\main\AndroidManifest.xml:10:5-71
16-->src\main\AndroidManifest.xml:10:22-68
17
18    <!-- Permisos para Google Drive API (leer y escribir archivos) -->
19    <!-- Se solicitarán en tiempo de ejecución si es necesario para Android 6.0+ -->
20    <uses-permission android:name="android.permission.READ_EXTERNAL_STORAGE" />
20-->src\main\AndroidManifest.xml:14:5-80
20-->src\main\AndroidManifest.xml:14:22-77
21    <uses-permission
21-->src\main\AndroidManifest.xml:15:5-108
22        android:name="android.permission.WRITE_EXTERNAL_STORAGE"
22-->src\main\AndroidManifest.xml:15:22-78
23        android:maxSdkVersion="28" />
23-->src\main\AndroidManifest.xml:15:79-105
24    <uses-permission android:name="android.permission.WAKE_LOCK" />
24-->[androidx.work:work-runtime:2.9.0] AndroidManifest.xml:23:5-68
24-->[androidx.work:work-runtime:2.9.0] AndroidManifest.xml:23:22-65
25    <uses-permission android:name="android.permission.RECEIVE_BOOT_COMPLETED" />
25-->[androidx.work:work-runtime:2.9.0] AndroidManifest.xml:25:5-81
25-->[androidx.work:work-runtime:2.9.0] AndroidManifest.xml:25:22-78
26    <uses-permission android:name="android.permission.FOREGROUND_SERVICE" />
26-->[androidx.work:work-runtime:2.9.0] AndroidManifest.xml:26:5-77
26-->[androidx.work:work-runtime:2.9.0] AndroidManifest.xml:26:22-74
27
28    <permission
28-->[androidx.core:core:1.12.0] AndroidManifest.xml:22:5-24:47
29        android:name="com.example.personalfinanceapp.DYNAMIC_RECEIVER_NOT_EXPORTED_PERMISSION"
29-->[androidx.core:core:1.12.0] AndroidManifest.xml:23:9-81
30        android:protectionLevel="signature" />
30-->[androidx.core:core:1.12.0] AndroidManifest.xml:24:9-44
31
32    <uses-permission android:name="com.example.personalfinanceapp.DYNAMIC_RECEIVER_NOT_EXPORTED_PERMISSION" />
32-->[androidx.core:core:1.12.0] AndroidManifest.xml:26:5-97
32-->[androidx.core:core:1.12.0] AndroidManifest.xml:26:22-94
33
34    <application
34-->src\main\AndroidManifest.xml:17:5-42:19
35        android:allowBackup="true"
35-->src\main\AndroidManifest.xml:18:9-35
36        android:appComponentFactory="androidx.core.app.CoreComponentFactory"
36-->[androidx.core:core:1.12.0] AndroidManifest.xml:28:18-86
37        android:dataExtractionRules="@xml/data_extraction_rules"
37-->src\main\AndroidManifest.xml:19:9-65
38        android:debuggable="true"
39        android:extractNativeLibs="false"
40        android:fullBackupContent="@xml/backup_rules"
40-->src\main\AndroidManifest.xml:20:9-54
41        android:icon="@mipmap/ic_launcher"
41-->src\main\AndroidManifest.xml:21:9-43
42        android:label="@string/app_name"
42-->src\main\AndroidManifest.xml:22:9-41
43        android:roundIcon="@mipmap/ic_launcher_round"
43-->src\main\AndroidManifest.xml:23:9-54
44        android:supportsRtl="true"
44-->src\main\AndroidManifest.xml:24:9-35
45        android:theme="@style/Theme.PersonalFinanceApp" >
45-->src\main\AndroidManifest.xml:25:9-56
46        <activity
46-->src\main\AndroidManifest.xml:27:9-36:20
47            android:name="com.example.personalfinanceapp.MainActivity"
47-->src\main\AndroidManifest.xml:28:13-41
48            android:exported="true"
48-->src\main\AndroidManifest.xml:29:13-36
49            android:label="@string/app_name"
49-->src\main\AndroidManifest.xml:30:13-45
50            android:theme="@style/Theme.PersonalFinanceApp" >
50-->src\main\AndroidManifest.xml:31:13-60
51            <intent-filter>
51-->src\main\AndroidManifest.xml:32:13-35:29
52                <action android:name="android.intent.action.MAIN" />
52-->src\main\AndroidManifest.xml:33:17-69
52-->src\main\AndroidManifest.xml:33:25-66
53
54                <category android:name="android.intent.category.LAUNCHER" />
54-->src\main\AndroidManifest.xml:34:17-77
54-->src\main\AndroidManifest.xml:34:27-74
55            </intent-filter>
56        </activity>
57
58        <!-- Configuración para Google Sign-In y otras APIs de Google -->
59        <!-- Reemplaza con tu ID de cliente de OAuth 2.0 si es necesario -->
60        <!-- <meta-data android:name="com.google.android.gms.version" android:value="@integer/google_play_services_version" /> -->
61
62        <provider
62-->[androidx.work:work-runtime:2.9.0] AndroidManifest.xml:29:9-37:20
63            android:name="androidx.startup.InitializationProvider"
63-->[androidx.work:work-runtime:2.9.0] AndroidManifest.xml:30:13-67
64            android:authorities="com.example.personalfinanceapp.androidx-startup"
64-->[androidx.work:work-runtime:2.9.0] AndroidManifest.xml:31:13-68
65            android:exported="false" >
65-->[androidx.work:work-runtime:2.9.0] AndroidManifest.xml:32:13-37
66            <meta-data
66-->[androidx.work:work-runtime:2.9.0] AndroidManifest.xml:34:13-36:52
67                android:name="androidx.work.WorkManagerInitializer"
67-->[androidx.work:work-runtime:2.9.0] AndroidManifest.xml:35:17-68
68                android:value="androidx.startup" />
68-->[androidx.work:work-runtime:2.9.0] AndroidManifest.xml:36:17-49
69            <meta-data
69-->[androidx.emoji2:emoji2:1.2.0] AndroidManifest.xml:29:13-31:52
70                android:name="androidx.emoji2.text.EmojiCompatInitializer"
70-->[androidx.emoji2:emoji2:1.2.0] AndroidManifest.xml:30:17-75
71                android:value="androidx.startup" />
71-->[androidx.emoji2:emoji2:1.2.0] AndroidManifest.xml:31:17-49
72            <meta-data
72-->[androidx.lifecycle:lifecycle-process:2.6.2] AndroidManifest.xml:29:13-31:52
73                android:name="androidx.lifecycle.ProcessLifecycleInitializer"
73-->[androidx.lifecycle:lifecycle-process:2.6.2] AndroidManifest.xml:30:17-78
74                android:value="androidx.startup" />
74-->[androidx.lifecycle:lifecycle-process:2.6.2] AndroidManifest.xml:31:17-49
75            <meta-data
75-->[androidx.profileinstaller:profileinstaller:1.3.0] AndroidManifest.xml:29:13-31:52
76                android:name="androidx.profileinstaller.ProfileInstallerInitializer"
76-->[androidx.profileinstaller:profileinstaller:1.3.0] AndroidManifest.xml:30:17-85
77                android:value="androidx.startup" />
77-->[androidx.profileinstaller:profileinstaller:1.3.0] AndroidManifest.xml:31:17-49
78        </provider>
79
80        <service
80-->[androidx.work:work-runtime:2.9.0] AndroidManifest.xml:39:9-45:35
81            android:name="androidx.work.impl.background.systemalarm.SystemAlarmService"
81-->[androidx.work:work-runtime:2.9.0] AndroidManifest.xml:40:13-88
82            android:directBootAware="false"
82-->[androidx.work:work-runtime:2.9.0] AndroidManifest.xml:41:13-44
83            android:enabled="@bool/enable_system_alarm_service_default"
83-->[androidx.work:work-runtime:2.9.0] AndroidManifest.xml:42:13-72
84            android:exported="false" />
84-->[androidx.work:work-runtime:2.9.0] AndroidManifest.xml:43:13-37
85        <service
85-->[androidx.work:work-runtime:2.9.0] AndroidManifest.xml:46:9-52:35
86            android:name="androidx.work.impl.background.systemjob.SystemJobService"
86-->[androidx.work:work-runtime:2.9.0] AndroidManifest.xml:47:13-84
87            android:directBootAware="false"
87-->[androidx.work:work-runtime:2.9.0] AndroidManifest.xml:48:13-44
88            android:enabled="@bool/enable_system_job_service_default"
88-->[androidx.work:work-runtime:2.9.0] AndroidManifest.xml:49:13-70
89            android:exported="true"
89-->[androidx.work:work-runtime:2.9.0] AndroidManifest.xml:50:13-36
90            android:permission="android.permission.BIND_JOB_SERVICE" />
90-->[androidx.work:work-runtime:2.9.0] AndroidManifest.xml:51:13-69
91        <service
91-->[androidx.work:work-runtime:2.9.0] AndroidManifest.xml:53:9-59:35
92            android:name="androidx.work.impl.foreground.SystemForegroundService"
92-->[androidx.work:work-runtime:2.9.0] AndroidManifest.xml:54:13-81
93            android:directBootAware="false"
93-->[androidx.work:work-runtime:2.9.0] AndroidManifest.xml:55:13-44
94            android:enabled="@bool/enable_system_foreground_service_default"
94-->[androidx.work:work-runtime:2.9.0] AndroidManifest.xml:56:13-77
95            android:exported="false" />
95-->[androidx.work:work-runtime:2.9.0] AndroidManifest.xml:57:13-37
96
97        <receiver
97-->[androidx.work:work-runtime:2.9.0] AndroidManifest.xml:61:9-66:35
98            android:name="androidx.work.impl.utils.ForceStopRunnable$BroadcastReceiver"
98-->[androidx.work:work-runtime:2.9.0] AndroidManifest.xml:62:13-88
99            android:directBootAware="false"
99-->[androidx.work:work-runtime:2.9.0] AndroidManifest.xml:63:13-44
100            android:enabled="true"
100-->[androidx.work:work-runtime:2.9.0] AndroidManifest.xml:64:13-35
101            android:exported="false" />
101-->[androidx.work:work-runtime:2.9.0] AndroidManifest.xml:65:13-37
102        <receiver
102-->[androidx.work:work-runtime:2.9.0] AndroidManifest.xml:67:9-77:20
103            android:name="androidx.work.impl.background.systemalarm.ConstraintProxy$BatteryChargingProxy"
103-->[androidx.work:work-runtime:2.9.0] AndroidManifest.xml:68:13-106
104            android:directBootAware="false"
104-->[androidx.work:work-runtime:2.9.0] AndroidManifest.xml:69:13-44
105            android:enabled="false"
105-->[androidx.work:work-runtime:2.9.0] AndroidManifest.xml:70:13-36
106            android:exported="false" >
106-->[androidx.work:work-runtime:2.9.0] AndroidManifest.xml:71:13-37
107            <intent-filter>
107-->[androidx.work:work-runtime:2.9.0] AndroidManifest.xml:73:13-76:29
108                <action android:name="android.intent.action.ACTION_POWER_CONNECTED" />
108-->[androidx.work:work-runtime:2.9.0] AndroidManifest.xml:74:17-87
108-->[androidx.work:work-runtime:2.9.0] AndroidManifest.xml:74:25-84
109                <action android:name="android.intent.action.ACTION_POWER_DISCONNECTED" />
109-->[androidx.work:work-runtime:2.9.0] AndroidManifest.xml:75:17-90
109-->[androidx.work:work-runtime:2.9.0] AndroidManifest.xml:75:25-87
110            </intent-filter>
111        </receiver>
112        <receiver
112-->[androidx.work:work-runtime:2.9.0] AndroidManifest.xml:78:9-88:20
113            android:name="androidx.work.impl.background.systemalarm.ConstraintProxy$BatteryNotLowProxy"
113-->[androidx.work:work-runtime:2.9.0] AndroidManifest.xml:79:13-104
114            android:directBootAware="false"
114-->[androidx.work:work-runtime:2.9.0] AndroidManifest.xml:80:13-44
115            android:enabled="false"
115-->[androidx.work:work-runtime:2.9.0] AndroidManifest.xml:81:13-36
116            android:exported="false" >
116-->[androidx.work:work-runtime:2.9.0] AndroidManifest.xml:82:13-37
117            <intent-filter>
117-->[androidx.work:work-runtime:2.9.0] AndroidManifest.xml:84:13-87:29
118                <action android:name="android.intent.action.BATTERY_OKAY" />
118-->[androidx.work:work-runtime:2.9.0] AndroidManifest.xml:85:17-77
118-->[androidx.work:work-runtime:2.9.0] AndroidManifest.xml:85:25-74
119                <action android:name="android.intent.action.BATTERY_LOW" />
119-->[androidx.work:work-runtime:2.9.0] AndroidManifest.xml:86:17-76
119-->[androidx.work:work-runtime:2.9.0] AndroidManifest.xml:86:25-73
120            </intent-filter>
121        </receiver>
122        <receiver
122-->[androidx.work:work-runtime:2.9.0] AndroidManifest.xml:89:9-99:20
123            android:name="androidx.work.impl.background.systemalarm.ConstraintProxy$StorageNotLowProxy"
123-->[androidx.work:work-runtime:2.9.0] AndroidManifest.xml:90:13-104
124            android:directBootAware="false"
124-->[androidx.work:work-runtime:2.9.0] AndroidManifest.xml:91:13-44
125            android:enabled="false"
125-->[androidx.work:work-runtime:2.9.0] AndroidManifest.xml:92:13-36
126            android:exported="false" >
126-->[androidx.work:work-runtime:2.9.0] AndroidManifest.xml:93:13-37
127            <intent-filter>
127-->[androidx.work:work-runtime:2.9.0] AndroidManifest.xml:95:13-98:29
128                <action android:name="android.intent.action.DEVICE_STORAGE_LOW" />
128-->[androidx.work:work-runtime:2.9.0] AndroidManifest.xml:96:17-83
128-->[androidx.work:work-runtime:2.9.0] AndroidManifest.xml:96:25-80
129                <action android:name="android.intent.action.DEVICE_STORAGE_OK" />
129-->[androidx.work:work-runtime:2.9.0] AndroidManifest.xml:97:17-82
129-->[androidx.work:work-runtime:2.9.0] AndroidManifest.xml:97:25-79
130            </intent-filter>
131        </receiver>
132        <receiver
132-->[androidx.work:work-runtime:2.9.0] AndroidManifest.xml:100:9-109:20
133            android:name="androidx.work.impl.background.systemalarm.ConstraintProxy$NetworkStateProxy"
133-->[androidx.work:work-runtime:2.9.0] AndroidManifest.xml:101:13-103
134            android:directBootAware="false"
134-->[androidx.work:work-runtime:2.9.0] AndroidManifest.xml:102:13-44
135            android:enabled="false"
135-->[androidx.work:work-runtime:2.9.0] AndroidManifest.xml:103:13-36
136            android:exported="false" >
136-->[androidx.work:work-runtime:2.9.0] AndroidManifest.xml:104:13-37
137            <intent-filter>
137-->[androidx.work:work-runtime:2.9.0] AndroidManifest.xml:106:13-108:29
138                <action android:name="android.net.conn.CONNECTIVITY_CHANGE" />
138-->[androidx.work:work-runtime:2.9.0] AndroidManifest.xml:107:17-79
138-->[androidx.work:work-runtime:2.9.0] AndroidManifest.xml:107:25-76
139            </intent-filter>
140        </receiver>
141        <receiver
141-->[androidx.work:work-runtime:2.9.0] AndroidManifest.xml:110:9-121:20
142            android:name="androidx.work.impl.background.systemalarm.RescheduleReceiver"
142-->[androidx.work:work-runtime:2.9.0] AndroidManifest.xml:111:13-88
143            android:directBootAware="false"
143-->[androidx.work:work-runtime:2.9.0] AndroidManifest.xml:112:13-44
144            android:enabled="false"
144-->[androidx.work:work-runtime:2.9.0] AndroidManifest.xml:113:13-36
145            android:exported="false" >
145-->[androidx.work:work-runtime:2.9.0] AndroidManifest.xml:114:13-37
146            <intent-filter>
146-->[androidx.work:work-runtime:2.9.0] AndroidManifest.xml:116:13-120:29
147                <action android:name="android.intent.action.BOOT_COMPLETED" />
147-->[androidx.work:work-runtime:2.9.0] AndroidManifest.xml:117:17-79
147-->[androidx.work:work-runtime:2.9.0] AndroidManifest.xml:117:25-76
148                <action android:name="android.intent.action.TIME_SET" />
148-->[androidx.work:work-runtime:2.9.0] AndroidManifest.xml:118:17-73
148-->[androidx.work:work-runtime:2.9.0] AndroidManifest.xml:118:25-70
149                <action android:name="android.intent.action.TIMEZONE_CHANGED" />
149-->[androidx.work:work-runtime:2.9.0] AndroidManifest.xml:119:17-81
149-->[androidx.work:work-runtime:2.9.0] AndroidManifest.xml:119:25-78
150            </intent-filter>
151        </receiver>
152        <receiver
152-->[androidx.work:work-runtime:2.9.0] AndroidManifest.xml:122:9-131:20
153            android:name="androidx.work.impl.background.systemalarm.ConstraintProxyUpdateReceiver"
153-->[androidx.work:work-runtime:2.9.0] AndroidManifest.xml:123:13-99
154            android:directBootAware="false"
154-->[androidx.work:work-runtime:2.9.0] AndroidManifest.xml:124:13-44
155            android:enabled="@bool/enable_system_alarm_service_default"
155-->[androidx.work:work-runtime:2.9.0] AndroidManifest.xml:125:13-72
156            android:exported="false" >
156-->[androidx.work:work-runtime:2.9.0] AndroidManifest.xml:126:13-37
157            <intent-filter>
157-->[androidx.work:work-runtime:2.9.0] AndroidManifest.xml:128:13-130:29
158                <action android:name="androidx.work.impl.background.systemalarm.UpdateProxies" />
158-->[androidx.work:work-runtime:2.9.0] AndroidManifest.xml:129:17-98
158-->[androidx.work:work-runtime:2.9.0] AndroidManifest.xml:129:25-95
159            </intent-filter>
160        </receiver>
161        <receiver
161-->[androidx.work:work-runtime:2.9.0] AndroidManifest.xml:132:9-142:20
162            android:name="androidx.work.impl.diagnostics.DiagnosticsReceiver"
162-->[androidx.work:work-runtime:2.9.0] AndroidManifest.xml:133:13-78
163            android:directBootAware="false"
163-->[androidx.work:work-runtime:2.9.0] AndroidManifest.xml:134:13-44
164            android:enabled="true"
164-->[androidx.work:work-runtime:2.9.0] AndroidManifest.xml:135:13-35
165            android:exported="true"
165-->[androidx.work:work-runtime:2.9.0] AndroidManifest.xml:136:13-36
166            android:permission="android.permission.DUMP" >
166-->[androidx.work:work-runtime:2.9.0] AndroidManifest.xml:137:13-57
167            <intent-filter>
167-->[androidx.work:work-runtime:2.9.0] AndroidManifest.xml:139:13-141:29
168                <action android:name="androidx.work.diagnostics.REQUEST_DIAGNOSTICS" />
168-->[androidx.work:work-runtime:2.9.0] AndroidManifest.xml:140:17-88
168-->[androidx.work:work-runtime:2.9.0] AndroidManifest.xml:140:25-85
169            </intent-filter>
170        </receiver>
171
172        <service
172-->[androidx.room:room-runtime:2.6.1] AndroidManifest.xml:24:9-28:63
173            android:name="androidx.room.MultiInstanceInvalidationService"
173-->[androidx.room:room-runtime:2.6.1] AndroidManifest.xml:25:13-74
174            android:directBootAware="true"
174-->[androidx.room:room-runtime:2.6.1] AndroidManifest.xml:26:13-43
175            android:exported="false" />
175-->[androidx.room:room-runtime:2.6.1] AndroidManifest.xml:27:13-37
176
177        <activity
177-->[com.google.android.gms:play-services-auth:20.7.0] AndroidManifest.xml:23:9-27:75
178            android:name="com.google.android.gms.auth.api.signin.internal.SignInHubActivity"
178-->[com.google.android.gms:play-services-auth:20.7.0] AndroidManifest.xml:24:13-93
179            android:excludeFromRecents="true"
179-->[com.google.android.gms:play-services-auth:20.7.0] AndroidManifest.xml:25:13-46
180            android:exported="false"
180-->[com.google.android.gms:play-services-auth:20.7.0] AndroidManifest.xml:26:13-37
181            android:theme="@android:style/Theme.Translucent.NoTitleBar" />
181-->[com.google.android.gms:play-services-auth:20.7.0] AndroidManifest.xml:27:13-72
182        <!--
183            Service handling Google Sign-In user revocation. For apps that do not integrate with
184            Google Sign-In, this service will never be started.
185        -->
186        <service
186-->[com.google.android.gms:play-services-auth:20.7.0] AndroidManifest.xml:33:9-37:51
187            android:name="com.google.android.gms.auth.api.signin.RevocationBoundService"
187-->[com.google.android.gms:play-services-auth:20.7.0] AndroidManifest.xml:34:13-89
188            android:exported="true"
188-->[com.google.android.gms:play-services-auth:20.7.0] AndroidManifest.xml:35:13-36
189            android:permission="com.google.android.gms.auth.api.signin.permission.REVOCATION_NOTIFICATION"
189-->[com.google.android.gms:play-services-auth:20.7.0] AndroidManifest.xml:36:13-107
190            android:visibleToInstantApps="true" />
190-->[com.google.android.gms:play-services-auth:20.7.0] AndroidManifest.xml:37:13-48
191
192        <activity
192-->[com.google.android.gms:play-services-base:18.0.1] AndroidManifest.xml:20:9-22:45
193            android:name="com.google.android.gms.common.api.GoogleApiActivity"
193-->[com.google.android.gms:play-services-base:18.0.1] AndroidManifest.xml:20:19-85
194            android:exported="false"
194-->[com.google.android.gms:play-services-base:18.0.1] AndroidManifest.xml:22:19-43
195            android:theme="@android:style/Theme.Translucent.NoTitleBar" />
195-->[com.google.android.gms:play-services-base:18.0.1] AndroidManifest.xml:21:19-78
196
197        <meta-data
197-->[com.google.android.gms:play-services-basement:18.2.0] AndroidManifest.xml:21:9-23:69
198            android:name="com.google.android.gms.version"
198-->[com.google.android.gms:play-services-basement:18.2.0] AndroidManifest.xml:22:13-58
199            android:value="@integer/google_play_services_version" />
199-->[com.google.android.gms:play-services-basement:18.2.0] AndroidManifest.xml:23:13-66
200
201        <receiver
201-->[androidx.profileinstaller:profileinstaller:1.3.0] AndroidManifest.xml:34:9-52:20
202            android:name="androidx.profileinstaller.ProfileInstallReceiver"
202-->[androidx.profileinstaller:profileinstaller:1.3.0] AndroidManifest.xml:35:13-76
203            android:directBootAware="false"
203-->[androidx.profileinstaller:profileinstaller:1.3.0] AndroidManifest.xml:36:13-44
204            android:enabled="true"
204-->[androidx.profileinstaller:profileinstaller:1.3.0] AndroidManifest.xml:37:13-35
205            android:exported="true"
205-->[androidx.profileinstaller:profileinstaller:1.3.0] AndroidManifest.xml:38:13-36
206            android:permission="android.permission.DUMP" >
206-->[androidx.profileinstaller:profileinstaller:1.3.0] AndroidManifest.xml:39:13-57
207            <intent-filter>
207-->[androidx.profileinstaller:profileinstaller:1.3.0] AndroidManifest.xml:40:13-42:29
208                <action android:name="androidx.profileinstaller.action.INSTALL_PROFILE" />
208-->[androidx.profileinstaller:profileinstaller:1.3.0] AndroidManifest.xml:41:17-91
208-->[androidx.profileinstaller:profileinstaller:1.3.0] AndroidManifest.xml:41:25-88
209            </intent-filter>
210            <intent-filter>
210-->[androidx.profileinstaller:profileinstaller:1.3.0] AndroidManifest.xml:43:13-45:29
211                <action android:name="androidx.profileinstaller.action.SKIP_FILE" />
211-->[androidx.profileinstaller:profileinstaller:1.3.0] AndroidManifest.xml:44:17-85
211-->[androidx.profileinstaller:profileinstaller:1.3.0] AndroidManifest.xml:44:25-82
212            </intent-filter>
213            <intent-filter>
213-->[androidx.profileinstaller:profileinstaller:1.3.0] AndroidManifest.xml:46:13-48:29
214                <action android:name="androidx.profileinstaller.action.SAVE_PROFILE" />
214-->[androidx.profileinstaller:profileinstaller:1.3.0] AndroidManifest.xml:47:17-88
214-->[androidx.profileinstaller:profileinstaller:1.3.0] AndroidManifest.xml:47:25-85
215            </intent-filter>
216            <intent-filter>
216-->[androidx.profileinstaller:profileinstaller:1.3.0] AndroidManifest.xml:49:13-51:29
217                <action android:name="androidx.profileinstaller.action.BENCHMARK_OPERATION" />
217-->[androidx.profileinstaller:profileinstaller:1.3.0] AndroidManifest.xml:50:17-95
217-->[androidx.profileinstaller:profileinstaller:1.3.0] AndroidManifest.xml:50:25-92
218            </intent-filter>
219        </receiver>
220    </application>
221
222</manifest>